<?xml version="1.0" encoding="UTF-8"?>
<!-- Generated by org.testng.reporters.JUnitXMLReporter -->
<testsuite ignored="0" hostname="HOME" failures="0" tests="4" name="testng" time="25.05" errors="0" timestamp="2023-12-08T12:34:55 IST">
  <testcase classname="testNG.Test1" name="f1" time="0.011"/>
  <testcase classname="testNG.Test1" name="f2" time="0.002"/>
  <testcase classname="testNG.Test1" name="f3" time="0.002"/>
  <testcase classname="testNG.NewTest" name="login" time="0.632"/>
</testsuite> <!-- testng -->
