<?xml version="1.0" encoding="UTF-8"?>
<!-- Generated by org.testng.reporters.JUnitXMLReporter -->
<testsuite ignored="0" hostname="HOME" failures="1" tests="2" name="Test1" time="20.042" errors="0" timestamp="2023-12-09T19:11:50 IST">
  <testcase classname="testNG.ParametersDemo" name="isLogoDisplayed" time="11.409">
    <failure type="java.lang.AssertionError" message="null">
      <![CDATA[java.lang.AssertionError: null
at testNG.ParametersDemo.isLogoDisplayed(ParametersDemo.java:44)
at java.base/java.util.ArrayList.forEach(ArrayList.java:1511)
at java.base/java.util.concurrent.FutureTask.run(FutureTask.java:264)
at java.base/java.util.concurrent.ThreadPoolExecutor.runWorker(ThreadPoolExecutor.java:1136)
at java.base/java.util.concurrent.ThreadPoolExecutor$Worker.run(ThreadPoolExecutor.java:635)
at java.base/java.lang.Thread.run(Thread.java:833)
... Removed 19 stack frames]]>
    </failure>
  </testcase> <!-- isLogoDisplayed -->
  <testcase classname="testNG.ParametersDemo" name="titleValidation" time="0.035"/>
</testsuite> <!-- Test1 -->
